<?xml version="1.0" encoding="UTF-8"?>
<testsuites tests="1" failures="0" skipped="0" errors="0" time="4.561">
  <testsuite name="maestro-runner" tests="1" failures="0" skipped="0" errors="0" time="4.561" timestamp="2026-08-18T15:48:54+05:30">
    <testcase name="android-captured-login" classname="android-captured-login" time="4.553">
      <properties>
        <property name="file" value="/private/tmp/claude-501/-Users-omnarayan-work-go-src-DeviceDeck/4b89cb73-7b09-4e9d-bc84-56af85d4aa9e/scratchpad/android-captured-login.yaml"/>
        <property name="device.name" value="google sdk_gphone64_arm64"/>
        <property name="device.id" value="emulator-5554"/>
        <property name="device.platform" value="android"/>
      </properties>
    </testcase>
  </testsuite>
</testsuites>
